[TOC]

![](..\images\arch_sqlyuanli.png)

# 一、搭建

```shell
// 安装
yum install -y https://download.postgresql.org/pub/repos/yum/reporpms/EL-7-x86_64/pgdg-redhat-repo-latest.noarch.rpm
// 安装客户端
yum install -y postgresql12
// 安装服务端
yum install postgresql12-server
// 初始化实例
/usr/pgsql-12/bin/postgresql-12-setup initdb
systemctl enable postgresql-12
systemctl start postgresql-12
systemctl stop postgresql-12
```

# 二、启动

```shell
// 安装好的客户端程序目录
cd /usr/pgsql-12/bin
```

![](..\images\postgresql1.png)

应当使用postgres用户，来启动数据库

```shell
// 启动数据库
./pg_ctl -D /var/lib/pgsql/12/data start
// 配置连接修改，监听IPV4的所有IP listen_addresses='0.0.0.0'
vim postgresql.conf
// host  all  all  0.0.0.0/0  md5
vim pg_hba.conf
// 停止防火墙
systemctl stop firewalld

// 关闭数据库
./pg_ctl -D /var/lib/pgsql/12/data stop -m smart/fast/immediate
```



# 三、一条SQL的执行过程

## 驱动

驱动在底层帮我们做了对数据库的连接，只有建立了连接，才能够有后面的交互

![](..\images\db-mysql-sql-1.png)

往往会有多个请求会建立多个连接，使用完再都去关闭：

![](..\images\db-mysql-sql-2.png)

Java 系统通过驱动和数据库连接的时候基于 TCP/IP 协议，如果每个请求都是新建连接和销毁连接，势必会造成性能下降，所以有了数据库连接池：

> 维护一定的连接数，方便系统获取连接，使用就去池子中取，用完再放回去，不需要关心连接的创建和销毁

![](..\images\db-mysql-sql-3.png)

## 网络连接必须由线程来处理

但这里有个小问题，业务系统是并发的，但 MySQL 接受请求的线程**只有一个**。

MySQL 架构体系中也提供了数据库连接池，双方都是通过连接池来管理各个连接。

网络中的连接都是由线程来处理的，所谓网络连接说白了就是一次请求，每次请求都会有相应的线程去处理的。也就是说对于 SQL 语句的请求在 MySQL 中是由一个个的线程去处理的

![](..\images\db-mysql-sql-4.png)

## SQL 接口

MySQL 中处理请求的线程在获取到请求以后获取SQL语句，交给**SQL接口**去处理

## 查询解析器

SQL 语句是写给人看的，所以需要**解析器**把SQL接口传递过来的SQL语句进行解析，翻译成数据库自己能认识的语言

![](..\images\db-mysql-sql-6.png)

## 查询优化器

SQL 已经被解析成了 MySQL 认识的样子，那么下一步是不是就是执行？

并不是，数据库会帮我们选择最优的查询路径：数据库会按照自己认为效率最高的方式去执行查询，生成执行计划，比如你创建了多个索引，数据库会依据成本最小原则来选择使用对应的索引，这里的成本主要包括两方面：IO、CPU

* IO 成本：从磁盘把数据加载到内存的成本，默认读取数据页的IO成本是1，MySQL 是以页的形式读取数据的，即当用到某个数据时，并不会只读取这个数据，而是把相邻数据也一起读到内存中，这就是**程序局部性原理**，所以IO成本主要和页的大小有关
* CPU 成本：将数据读入内存后，还要检测数据是否满足条件和排序等CPU操作的成本，显然它和行数有关，默认情况下，检测记录的成本是 0.2

优化器 会计算 「IO 成本 + CPU」 成本最小的那个索引来执行

![](..\images\db-mysql-sql-7.png)

## 存储引擎

优化器执行选出最优索引等步骤后，会去调用存储引擎接口，开始去执行被 MySQL 解析过和优化过的 SQL 语句

也就是说**真正执行 SQL 的动作**是在存储引擎中完成的。数据是**被存放在内存或者是磁盘**中的

## 执行器

前面那些组件的操作最终必须通过执行器去调用存储引擎接口才能被执行。执行器最终最根据一系列的执行计划去调用存储引擎的接口去完成 SQL 的执行

![](..\images\db-mysql-sql-8.png)


```sql
UPDATE students SET stuName = '小强' WHERE id = 1
```



### Buffer Pool

在执行SQL的时候，SQL语句对应的数据要么在**内存中，要么在磁盘**中，如果直接在磁盘中操作，IO 读写速度太慢，所以每次在执行 SQL 的时候都会将其数据加载到内存中，这块**内存**就是InnoDB中一个非常重要的组件：**缓冲池**

有了 Buffer Pool，数据库会将第一次查询的结果保存到 Buffer Pool 中，后面再有请求的时候就会先从缓冲池中去查询，如果没有再去磁盘中查找，然后再放到 Buffer Pool 中

![](..\images\db-mysql-sql-9.png)

### undo 日志文件：记录数据被修改前的样子

在准备更新一条数据的时候，该条数据已经被加载到 Buffer Pool 中了，实际上还会往 undo log 中插入一条日志，也就是把id=1这条记录原来的值记录下来

#### 为什么要这样做：

Innodb 存储引擎的最大特点就是支持事务，如果本次更新失败，也就是事务提交失败，那么该事务中的所有的操作都必须回滚到执行前的样子，也就是说当事务失败的时候，也不会对原始数据有影响

### redo 日志：记录数据被修改后的样子

除了从磁盘中加载文件和将操作前的记录保存到undo日志文件中，其他操作是在内存中完成的，内存的数据特点就是：断电丢失。如果MySQL所在服务器宕机了，那么 Buffer Pool 中的数据会全部丢失。

redo记录的是数据修改后的值，不管事务是否提交都会记录下来，例如，此时将要做的是update students set stuName='小强' where id=1; 

那么这条操作就会被记录到 redo log buffer 中

MySQL 为了提高效率，所以将这些操作都先放在内存中去完成，然后会在某个时机将其**持久化**到磁盘中（写入到 redo log 磁盘文件中）

![](..\images\db-mysql-sql-12.png)

就算刷入磁盘后，服务器宕机了，数据也不会丢失，因为重启数据库的时候，MySQL会将redo日志文件内容恢复到 Buffer Pool 中（这边我的理解是和  Redis  的持久化机制是差不多的，在  Redis  启动的时候会检查 rdb 或者是 aof 或者是两者都检查，根据持久化的文件来将数据恢复到内存中）

### bin log：记录整个操作过程

上面介绍到的redo log是 InnoDB 存储引擎特有的日志文件，而bin log属于是 MySQL 级别的日志



到此为止，**从执行器开始调用存储引擎接口做了哪些事情呢**？

- 准备更新一条 SQL 语句
- MySQL（innodb）会先去缓冲池（BufferPool）中去查找这条数据，没找到就会去磁盘中查找，如果查找到就会将这条数据加载到缓冲池（BufferPool）中
- 在加载到 Buffer Pool 的同时，会将这条数据的原始记录保存到 undo 日志文件中
- innodb 会在 Buffer Pool 中执行更新操作
- 更新后的数据会记录在 redo log buffer 中
- MySQL 提交事务的时候，会将 redo log buffer 中的数据写入到 redo 日志文件中 刷磁盘可以通过 innodb_flush_log_at_trx_commit 参数来设置
  - 值为 0 表示不刷入磁盘
  - 值为 1 表示立即刷入磁盘
  - 值为 2 表示先刷到 os cache
- myslq 重启的时候会将 redo 日志恢复到缓冲池中



# 四、索引

## 索引是什么

“**排好序**的快速查找**数据结构**”，帮助数据库高效的获取数据。

索引本身很大，不可能全部存储在内存中，一般以**索引文件**的形式存储在**磁盘**上。

### 优势

* 减少了服务器需要扫描的数据量
* 帮助服务器避免排序和临时表
* 将随机I/O变为顺序I/O

### 劣势

* 占一定内存
* 提高了查询速度，但会降低更新表的速度。因为每次更新表，不仅要保存数据，还要调整因为更新带来的键值变化后的索引信息

## 索引分类

### 逻辑角度

* 主键索引：一种特殊的唯一索引
* 普通（单列）索引：每个索引只包含单个列
* 多列（复合、联合）索引：多个字段上创建的索引，只有在查询条件中使用了创建索引时的第一个字段，索引才会被使用。

### 数据结构角度

* Hash索引：通过Hash算法，将数据库字段数据转换成定长的Hash值，与这条数据的行指针一起存入Hash表对应位置，查询时对查关键字再次执行相同的Hash算法，得到Hash值，到Hash表对应位置取出数据即可。只支持等值比较查询，=、in() 这种，不支持范围查找。
* B+ 树索引

提问：MySQL 为什么不使用 二叉树？

回答：二叉树每个节点只有两个子节点，I/O 次数取决于树的层高。



## B+ Tree 原理

### 1. 数据结构

B Tree 指的是 Balance Tree，是一颗查找树，并且所有叶子节点位于同一层

B + Tree 是基于B Tree 和叶子节点顺序访问指针进行实现，具有B Tree的平衡性，并且通过顺序访问指针来提高区间查询的性能

### 2. 操作

进行查找时，首先在根节点进行二分查找，找到一个key所在的指针，然后递归地在指针所指向地节点进行查找。直到查找到叶子节点，然后再叶子节点上进行二分查找，找出这个key对应地data

### 3. 与红黑树的比较

红黑树等平衡树也可以用来实现索引，但是文件系统及数据库系统普遍采用 B+ Tree 作为索引结构，主要有以下两个原因:

1）更少的查找次数

2）利用计算机预读特性

### 4.与B树比较

举例，如果要查询[10-25]的数据，对于B树

1. 加载根节点，第一个节点元素15，大于10【磁盘 I/O 操作第 1 次】
2. 通过根节点的左子节点地址加载，找到 11，13【磁盘 I/O 操作第 2 次】
3. 重新加载根节点，找到中间节点数据 16，20【磁盘 I/O 操作第 3 次】
4. 再次加载根节点，23 小于 25，再加载右子节点，找到 25，结束【磁盘 I/O 操作第 4 次】

![](..\images\B树、B+树.png)

而对于B+树来说就简单了，数据都在最下边的叶子节点上，而且链起来了，只需要找到第一个然后遍历就行。

#### 最主要的区别

B+树改进了B树，让非叶子节点只作为索引使用，去掉了它指向data record的指针，每个节点可以放多个key，层高更少，检索时间更短。

并且B+树底部的叶子节点是链表形式，遍历很方便。



## MySQL 使用的索引

索引是在**存储引擎**层实现的，所以不同的存储引擎具有不同的索引类型和实现

### B+ Tree 索引

是大多数MySQL存储引擎默认的索引类型

因为不需要进行全表扫描，只需要对树进行搜索即可，因此查找速度快。

可以指定多个列作为索引列，多个索引列共同组成键

适用于全键值，键值范围和键前缀查找

InnoDB 的B+ Tree 索引分为主索引和辅助索引

主索引的叶子节点data域记录着**完整的数据记录**，这种索引方式被称为**聚簇索引**。因为无法把数据行存放在两个不同的地方，所以一个表只能有一个聚簇索引

辅助索引的叶子节点的data域记录着主键的值，因此在使用辅助索引进行查找时，需要先查找到主键值，然后再到主索引中进行查找

### 哈希索引

哈希索引能以O(1)时间进行查找，但是失去了有序性，它具有以下限制：

* 无法用于排序和分组
* 只支持精确查找，无法用于部分查找和范围查找

InnoDB 存储引擎有一个特殊的功能叫“自适应哈希索引”，当某个索引值被使用的非常频繁时，会在 B+Tree 索引之上再创建一个哈希索引，这样就让 B+Tree 索引具有哈希索引的一些优点，比如快速的哈希查找。

## 索引SQL

```sql
-- 查看索引
show index from t_emp

-- 创建单值索引
create index idx_name on t_emp(name)

-- 创建唯一索引
create UNIQUE INDEX idx_empno on t_emp(empno)

-- 创建复合索引
create index idx_age_deptid_name on t_emp(age,deptId,name)
```



# 五、MVCC

## 什么是MVCC

全称Multi-Version Concurrency Control，即多版本并发控制。MVCC是一种并发控制的方法，做到即使有读写冲突时，也能做到不加锁，非阻塞并发读

## 什么是当前读和快照读





# 六、数据库连接池
Java 系统通过驱动和数据库连接的时候基于 TCP/IP 协议，如果每个请求都是新建连接和销毁连接，势必会造成性能下降，所以有了数据库连接池，让它负责分配、管理和释放数据库连接，它允许应用程序重复使用一个现有的数据库连接，而不是再重新建立一个
![](..\images\连接池.webp)

## 数据库连接池，相关参数
1）一个繁忙队列busy
2）一个空闲队列idle
3）连接池最大活动连接数maxActive
4）连接池最大等待时间maxWait
5）连接池的活动连接数activeSize

![](..\images\连接池2.webp)

## 自己实现怎么实现
JDBC连接池有一个标准的接口javax.sql.DataSource，这个类位于Java标准库中，但仅仅是接口，实现DataSource接口，并实现连接池功能

1）在构造方法中批量创建与数据库的连接，并把场景的连接加入到list中
2）实现getConnection方法，每次调用时，从list中取出一个Connection返回给用户
3）使用完Connection，Connection对象应保证将自己返回到list中






## 实现无感知获取连接而不是抛出连接失效的异常
面试官回答：开定时任务或者增加校验位实现

你指的是TCP超时时间是吗，
防火墙有一个TCP超时时间，默认设置的为半小时，其意义是，对于通过防火墙的所有TCP连接，如果在半小时内没有任何活动，就会被防火墙拆除，这样就会导致连接中断。在拆除连接时，也不会向连接的两端发送任何数据来通知连接已经拆除
那就在半小时内，比如每20分钟，让它活动一次，保证连接有效。可以通过定时任务的方式来实现。

或者在操作系统层面，修改net.ipv4.tcp_keepalive_time设置为20分钟，发送心跳的周期为20分钟，保证tcp连接。


# 七、非关系型数据库跟关系型数据库的区别
关系型数据库是指采用了关系模型来组织数据的数据库。简单来说，关系模式就是二维表格模型，可以很好的体现出业务逻辑，但高并发场景下，磁盘I/O效率较低；
NoSQL：以**key-value**模式来存储，且value的结构有多种，性能很高


# 八、锁
MySQL常用引擎有MyISAM和InnoDB，而InnoDB是mysql默认的引擎。MyISAM不支持行锁，而InnoDB支持行锁和表锁

## 如何加锁
MyISAM在执行查询语句（SELECT）前，会自动给涉及的所有**表加读锁**

在执行更新操作（UPDATE、DELETE、INSERT等）前，会自动给涉及的**表加写锁**

## 表锁

不会发生死锁，发生锁冲突几率高，并发低

表级锁，有两种模式：

* 表共享读锁
* 表独占写锁

读锁会阻塞写，写锁会阻塞读和写，MyISAM不适合做写为主表的引擎，因为写锁后，其它线程不能做任何操作，大量的更新会使查询很难得到锁，从而造成永远阻塞



## 行锁

会出现死锁，发生锁冲突几率低，并发高

MySQL的InnoDB引擎支持行锁，是通过索引加载的，也就是说，行锁是加在**索引响应的行上**的，要是对应的SQL语句没有走索引，则会全表扫描，行锁则无法实现，取而代之的是表锁，此时其他事务无法对当前表进行更新或插入操作。

```sql
CREATE TABLE `user` (
`name` VARCHAR(32) DEFAULT NULL,
`count` INT(11) DEFAULT NULL,
`id` INT(11) NOT NULL AUTO_INCREMENT,
PRIMARY KEY (`id`)
) ENGINE=INNODB AUTO_INCREMENT=7 DEFAULT CHARSET=utf8

-- 这里，我们建一个user表，主键为id

-- A通过主键执行插入操作，但事务未提交
update user set count=10 where id=1;
-- B在此时也执行更新操作
update user set count=10 where id=2;
-- 由于是通过主键选中的，为行级锁，A和B操作的不是同一行，B执行的操作是可以执行的


-- A通过name执行插入操作，但事务未提交
update user set count=10 where name='xxx';
-- B在此时也执行更新操作
update user set count=10 where id=2;
-- 由于是通过非主键或索引选中的，升级为为表级锁，
-- B则无法对该表进行更新或插入操作，只有当A提交事务后，B才会成功执行
```

### for update

如果在一条select语句后加上for update，则查询到的数据会被加上一条排它锁

```sql
-- A用户对id=1的记录进行加锁
select * from user where id=1 for update;

-- B用户无法对该记录进行操作
update user set count=10 where id=1;

-- A用户commit以后则B用户可以对该记录进行操作
```

### 行锁的实现需要注意

1. 行锁必须有索引才能实现，否则会自动锁全表，那么就不是行锁了
2. 两个事务不能锁同一个索引
3. insert、delete、update 在事务中都会自动默认加上排它锁

### 行锁场景

A用户消费，service层先查询该用户的账户余额，若余额足够，则进行后续的扣款操作；这种情况查询的时候应该对该记录进行加锁。

否则，B用户在A用户查询后消费前先一步将A用户账号上的钱转走，而此时A用户已经进行了用户余额是否足够的判断，则可能会出现余额已经不足但却扣款成功的情况。

为了避免此情况，需要在A用户操作该记录的时候进行for update加锁

### 扩展：间隙锁

当用**范围条件**而不是相等条件检索数据，并请求共享或排它锁时，InnoDB会给符合条件的已有数据记录的索引项加锁；对于**键值不在条件范围内的记录**，叫间隙

```sql
-- 用户A
update user set count=8 where id>2 and id<6

-- 用户B
update user set count=10 where id=5;
```

如果用户A在进行了上述操作后，事务还未提交，则B无法对2~6之间的记录进行更新或插入记录，会阻塞，当A将事务提交后，B的更新操作会执行

### 建议

* 尽可能让所有数据检索都通过索引来完成，避免无索引行锁升级为表锁
* 合理设计索引，尽量缩小锁的范围
* 尽可能减少索引条件，避免间隙锁
* 尽量控制事务大小，减少锁定资源量和时间长度


## 共享锁
又称**读锁**，简称S锁，**多个事务对于同一数据可以共享一把锁，都能访问到数据，但只能读不能修改**
加共享锁写法：
```sql
select math from zje where math>60 lock in share mode;
```


## 排他锁
又称**写锁**，简称X锁，排它锁不能与其它锁并存，如某个事务获取了一个数据行的排它锁，**其他事务就不能再在该行的加其它锁**，但是获取了排它锁的事务可以对数据行进行读取和修改。
MySQL InnoDB引擎默认的修改数据语句，update、delete、insert 都会自动给涉及到的数据加上排他锁。
select 默认不会加任何锁，如果要加排他锁，可以使用：
```sql
select math from zje where math >60 for update；
```
这时，这行数据在其他事务中不能修改数据了，也不能通过 for update 和 lock in share mode 锁的方式查询数据，但是可以通过select...from...查询数据，因为普通查询没有任何锁机制

### 测试
![](..\images\排他锁和共享锁1.awebp)

### 加排他锁
首先对id=1的数据行排他查询，这里使用`begin`开启事务，但不处理事务（提交事务/回滚事务就会释放锁）
![](..\images\排他锁和共享锁2.awebp)

查询到一条数据，但对于同一数据分别使用排他锁和共享锁两种查询方式，都会处于阻塞状态，因为id=1的数据已经被加上了排他锁，此处阻塞是等待排他锁释放。

##### 排他查
![](..\images\排他锁和共享锁3.awebp)

##### 共享查
![](..\images\排他锁和共享锁4.awebp)

##### 不使用锁查
是可以查到数据的
![](..\images\排他锁和共享锁5.awebp)

### 加共享锁
那么其他事务也只能加共享锁或不加锁

![](..\images\排他锁和共享锁6.awebp)
![](..\images\排他锁和共享锁7.awebp)
![](..\images\排他锁和共享锁8.awebp)

### update,delete,insert语句自动加排他锁

![](..\images\排他锁和共享锁9.awebp)
![](..\images\排他锁和共享锁10.awebp)

## 意向锁
特殊情况：
事务A，使用**共享锁**，锁住了表中的一行，让这一行只能读，不能写
之后，事务B申请**整个表的写锁**，如果事务B申请成功，那么理论上他就能修改表中任意一行，这和A持有的行锁是冲突的。

数据库需要避免这种冲突，就是说要**让B的申请被阻塞**，直到A释放了行锁。
数据库要怎么判断这个冲突呢？
步骤一：判断表是否已被其他事务用**表锁**锁住
步骤二：判断表中的每一行是否已被**行锁**锁住

步骤二需要遍历整张表，效率太低，于是有了意向锁，在意向锁存在的情况下，**事务A必须先申请表的意向共享锁，成功后再申请一行的行锁**。

上面的判断可以改成
step1：不变
step2：发现表上有意向共享锁，说明表中有些行被共享行锁锁住了，因此，事务B申请整张表的写锁会被阻塞。

注意：申请意向锁的动作是数据库完成的，也就是说，事务A申请一行的行锁的时候，数据库会自动先开始申请表的意向锁，不需要我们手动申请。


# 九、SQL 优化
数据库会帮我们选择最优的查询路径：数据库会按照自己认为效率最高的方式去执行查询，规划器（优化器）生成执行计划，传递给执行器执行。

## 优化实例
```sql
SELECT
	c_ajbh,
	c_ah,
	c_cbfy,
	c_cbrxm,
	d_larq,
	d_jarq,
	n_dbjg,
	c_yqly 
FROM
	db_zxzhld.t_zhld_db dbxx
	JOIN db_zxzhld.t_zhld_ajdbxx dbaj ON dbxx.c_bh = dbaj.c_dbbh 
WHERE
	dbxx.n_valid = 1 
	AND dbxx.n_state IN ( 1, 2, 3 ) 
	AND dbxx.c_dbztbh = '1003' 
	AND dbaj.c_zblx = '1003' 
	AND dbaj.c_dbfy = '0' 
	AND dbaj.c_gy = '2550' 
	AND c_ajbh IN ( SELECT DISTINCT c_ajbh FROM db_zxzhld.t_zhld_zbajxx WHERE n_dbzt = 1 AND c_zblx = '1003' AND c_gy = '2550' ) 
ORDER BY
	d_larq ASC,
	c_ajbh ASC 
	LIMIT 15 OFFSET 0
```

dbxx和dbaj的一个join连接然后dbaj.c_ajbh要包含在zbaj表里面，做了个排序，取了15条记录
查看该sql的表的数据量：
db_zxzhld.t_zhld_db    ：1311
db_zxzhld.t_zhld_ajdbxx    ：341296
db_zxzhld.t_zhld_zbajxx ：1027619

执行计划
``` sql
01 Limit  (cost=36328.67..36328.68 rows=1 width=107) (actual time=88957.677..88957.729 rows=15 loops=1)
02   ->  Sort  (cost=36328.67..36328.68 rows=1 width=107) (actual time=88957.653..88957.672 rows=15 loops=1)
03         Sort Key: dbaj.d_larq, dbaj.c_ajbh
04         Sort Method: top-N heapsort  Memory: 27kB
05         ->  Nested Loop Semi Join  (cost=17099.76..36328.66 rows=1 width=107) (actual time=277.794..88932.662 rows=8605 loops=1)
06               Join Filter: ((dbaj.c_ajbh)::text = (t_zhld_zbajxx.c_ajbh)::text)
07               Rows Removed by Join Filter: 37018710
08               ->  Nested Loop  (cost=0.00..19200.59 rows=1 width=107) (actual time=199.141..601.845 rows=8605 loops=1)
09                     Join Filter: (dbxx.c_bh = dbaj.c_dbbh)
10                     Rows Removed by Join Filter: 111865
11                     ->  Seq Scan on t_zhld_ajdbxx dbaj  (cost=0.00..19117.70 rows=219 width=140) (actual time=198.871..266.182 rows=8605 loops=1)
12                           Filter: ((n_valid = 1) AND ((c_zblx)::text = '1003'::text) AND ((c_dbfy)::text = '0'::text) AND ((c_gy)::text = '2550'::text))
13                           Rows Removed by Filter: 332691
14                     ->  Materialize  (cost=0.00..66.48 rows=5 width=33) (actual time=0.001..0.017 rows=14 loops=8605)
15                           ->  Seq Scan on t_zhld_db dbxx  (cost=0.00..66.45 rows=5 width=33) (actual time=0.044..0.722 rows=14 loops=1)
16                                 Filter: ((n_valid = 1) AND ((c_dbztbh)::text = '1003'::text) AND (n_state = ANY ('{1,2,3}'::integer[])))
17                                 Rows Removed by Filter: 1297
18               ->  Materialize  (cost=17099.76..17117.46 rows=708 width=32) (actual time=0.006..4.890 rows=4303 loops=8605)
19                     ->  HashAggregate  (cost=17099.76..17106.84 rows=708 width=32) (actual time=44.011..54.924 rows=8605 loops=1)
20                           Group Key: t_zhld_zbajxx.c_ajbh
21                           ->  Bitmap Heap Scan on t_zhld_zbajxx  (cost=163.36..17097.99 rows=708 width=32) (actual time=5.218..30.278 rows=8605 loops=1)
22                                 Recheck Cond: ((n_dbzt = 1) AND ((c_zblx)::text = '1003'::text))
23                                 Filter: ((c_gy)::text = '2550'::text)
24                                 Rows Removed by Filter: 21849
25                                 Heap Blocks: exact=960
26                                 ->  Bitmap Index Scan on i_tzhldzbajxx_zblx_dbzt  (cost=0.00..163.19 rows=5876 width=0) (actual time=5.011..5.011 rows=30458 loops=1)
27                                       Index Cond: ((n_dbzt = 1) AND ((c_zblx)::text = '1003'::text))
```


关注 cost 最大的那步操作


## 索引优化

### like什么情况走索引，什么情况不走，为什么%在前不走

索引树从左到右是有顺序的，对于索引中的关键字进行对比的时候，一定是从左往右依次对比，不可跳过，
他是最左匹配原则，比如要比较一个字符串，xttblog 与 xmtblog，我们肯定是先从第一个字符开始比较吧，第一个相同后，再比较第二个字符，以此类推。所以要从左边开始，并且是不能跳过的。SQL 索引也是这样的。

所以，当% 在前时，代表前面的内容不确定，既然不确定，就只能一个一个比较，就相当于全匹配，不需要索引。

### 索引什么时候失效

1、使用or，不是每个条件都带索引
2、索引列有数学运算
3、字符串类型，一定要使用引号把数据括起来，因为字段类型不同
4、如果数据库认为全表扫描比使用索引快
5、is not null
6、not in 、 not exist
7、查询的数据量是大表的大部分，30%以上
8、列对比，两个字段都有索引，把这两个字段进行比较，索引会失效
9、如果order by要用上索引，那么必须order by的写法要与创建索引时指定的顺序一致


### 联合索引abc什么时候生效

1）当建立索引的第一位置是=一个值时,其他索引列可以是任何情况（包括is null =一个值）
2）

联合索引 is not null 只要在建立的索引列（不分先后）都会走, in null时 必须要和建立索引第一列一起使用,当建立索引第一位置条件是is null 时,其他建立索引的列可以是is null（但必须在所有列 都满足is null的时候）,或者=一个值； ,以上两种情况索引都会走。其他情况不会走。



### 对什么样的字段加索引
1、对状态、标识，这种不会轻易变更而且大概率会有值的字段，加索引

2、建立逻辑外键索引，避免全表扫描、嵌套循环


所以可以看执行计划，如果有嵌套循环

### 常见等价改写：
1、先过滤再连表查，而不是全部查出来再过滤
2、先排序再进行表连接，而不是全部查出来再排序
3、in (select distinct ...)，可以直接替换为 exists，并去掉 distinct